The target system is: Linux -  - aarch64
The host system is: Linux - 6.8.0-90-generic - x86_64
Compiling the CXX compiler identification source file "CMakeCXXCompilerId.cpp" succeeded.
Compiler: /home/daniel/buildroot/buildroot-2025.08/output/host/bin/aarch64-linux-g++ 
Build flags: ;-march=armv8-a+crc;-mtune=cortex-a72;-march=armv8-a+crc;-mtune=cortex-a72
Id flags:  

The output was:
0


Compilation of the CXX compiler identification source "CMakeCXXCompilerId.cpp" produced "a.out"

The CXX compiler identification is GNU, found in "/home/daniel/Desktop/ESRG/2025-2026/Project/Rasp/leafsense-project/build-arm64/CMakeFiles/3.22.1/CompilerIdCXX/a.out"

Detecting CXX compiler ABI info compiled with the following output:
Change Dir: /home/daniel/Desktop/ESRG/2025-2026/Project/Rasp/leafsense-project/build-arm64/CMakeFiles/CMakeTmp

Run Build Command(s):/usr/bin/gmake -f Makefile cmTC_aee69/fast && /usr/bin/gmake  -f CMakeFiles/cmTC_aee69.dir/build.make CMakeFiles/cmTC_aee69.dir/build
gmake[1]: Entering directory '/home/daniel/Desktop/ESRG/2025-2026/Project/Rasp/leafsense-project/build-arm64/CMakeFiles/CMakeTmp'
Building CXX object CMakeFiles/cmTC_aee69.dir/CMakeCXXCompilerABI.cpp.o
/home/daniel/buildroot/buildroot-2025.08/output/host/bin/aarch64-linux-g++ --sysroot=/home/daniel/buildroot/buildroot-2025.08/output/host/aarch64-buildroot-linux-gnu/sysroot   -march=armv8-a+crc -mtune=cortex-a72 -march=armv8-a+crc -mtune=cortex-a72    -v -o CMakeFiles/cmTC_aee69.dir/CMakeCXXCompilerABI.cpp.o -c /usr/share/cmake-3.22/Modules/CMakeCXXCompilerABI.cpp
Using built-in specs.
COLLECT_GCC=/home/daniel/buildroot/buildroot-2025.08/output/host/opt/ext-toolchain/bin/aarch64-linux-g++.br_real
Target: aarch64-buildroot-linux-gnu
Configured with: ./configure --prefix=/builds/buildroot.org/toolchains-builder/build/aarch64--glibc--stable-2025.08-1 --sysconfdir=/builds/buildroot.org/toolchains-builder/build/aarch64--glibc--stable-2025.08-1/etc --enable-static --target=aarch64-buildroot-linux-gnu --with-sysroot=/builds/buildroot.org/toolchains-builder/build/aarch64--glibc--stable-2025.08-1/aarch64-buildroot-linux-gnu/sysroot --enable-__cxa_atexit --with-gnu-ld --disable-libssp --disable-multilib --disable-decimal-float --enable-plugins --enable-lto --with-gmp=/builds/buildroot.org/toolchains-builder/build/aarch64--glibc--stable-2025.08-1 --with-mpc=/builds/buildroot.org/toolchains-builder/build/aarch64--glibc--stable-2025.08-1 --with-mpfr=/builds/buildroot.org/toolchains-builder/build/aarch64--glibc--stable-2025.08-1 --with-pkgversion='Buildroot 2021.11-18033-g83947c7bb6' --with-bugurl=https://gitlab.com/buildroot.org/buildroot/-/issues --without-zstd --disable-libquadmath --disable-libquadmath-support --enable-tls --enable-threads --without-isl --without-cloog --with-abi=lp64 --with-cpu=cortex-a53 --enable-languages=c,c++ --with-build-time-tools=/builds/buildroot.org/toolchains-builder/build/aarch64--glibc--stable-2025.08-1/aarch64-buildroot-linux-gnu/bin --enable-shared --enable-libgomp
Thread model: posix
Supported LTO compression algorithms: zlib
gcc version 14.3.0 (Buildroot 2021.11-18033-g83947c7bb6) 
COLLECT_GCC_OPTIONS='--sysroot=/home/daniel/buildroot/buildroot-2025.08/output/host/aarch64-buildroot-linux-gnu/sysroot' '-mabi=lp64' '-fstack-protector-strong' '-fPIE' '-pie' '--sysroot=/home/daniel/buildroot/buildroot-2025.08/output/host/aarch64-buildroot-linux-gnu/sysroot' '-march=armv8-a+crc' '-mtune=cortex-a72' '-v' '-o' 'CMakeFiles/cmTC_aee69.dir/CMakeCXXCompilerABI.cpp.o' '-c' '-shared-libgcc' '-mlittle-endian' '-dumpdir' 'CMakeFiles/cmTC_aee69.dir/'
 /home/daniel/buildroot/buildroot-2025.08/output/host/opt/ext-toolchain/bin/../libexec/gcc/aarch64-buildroot-linux-gnu/14.3.0/cc1plus -quiet -v -iprefix /home/daniel/buildroot/buildroot-2025.08/output/host/opt/ext-toolchain/bin/../lib/gcc/aarch64-buildroot-linux-gnu/14.3.0/ -isysroot /home/daniel/buildroot/buildroot-2025.08/output/host/aarch64-buildroot-linux-gnu/sysroot -D_GNU_SOURCE /usr/share/cmake-3.22/Modules/CMakeCXXCompilerABI.cpp -quiet -dumpdir CMakeFiles/cmTC_aee69.dir/ -dumpbase CMakeCXXCompilerABI.cpp.cpp -dumpbase-ext .cpp -mabi=lp64 -march=armv8-a+crc -mtune=cortex-a72 -mlittle-endian -version -fstack-protector-strong -fPIE -o /tmp/ccAWuqZH.s
GNU C++17 (Buildroot 2021.11-18033-g83947c7bb6) version 14.3.0 (aarch64-buildroot-linux-gnu)
	compiled by GNU C version 10.2.1 20210110, GMP version 6.3.0, MPFR version 4.1.1, MPC version 1.3.1, isl version none
GGC heuristics: --param ggc-min-expand=100 --param ggc-min-heapsize=131072
ignoring duplicate directory "/home/daniel/buildroot/buildroot-2025.08/output/host/opt/ext-toolchain/bin/../lib/gcc/../../lib/gcc/aarch64-buildroot-linux-gnu/14.3.0/../../../../aarch64-buildroot-linux-gnu/include/c++/14.3.0"
ignoring duplicate directory "/home/daniel/buildroot/buildroot-2025.08/output/host/opt/ext-toolchain/bin/../lib/gcc/../../lib/gcc/aarch64-buildroot-linux-gnu/14.3.0/../../../../aarch64-buildroot-linux-gnu/include/c++/14.3.0/aarch64-buildroot-linux-gnu"
ignoring duplicate directory "/home/daniel/buildroot/buildroot-2025.08/output/host/opt/ext-toolchain/bin/../lib/gcc/../../lib/gcc/aarch64-buildroot-linux-gnu/14.3.0/../../../../aarch64-buildroot-linux-gnu/include/c++/14.3.0/backward"
ignoring duplicate directory "/home/daniel/buildroot/buildroot-2025.08/output/host/opt/ext-toolchain/bin/../lib/gcc/../../lib/gcc/aarch64-buildroot-linux-gnu/14.3.0/include"
ignoring nonexistent directory "/home/daniel/buildroot/buildroot-2025.08/output/host/aarch64-buildroot-linux-gnu/sysroot/usr/local/include"
ignoring duplicate directory "/home/daniel/buildroot/buildroot-2025.08/output/host/opt/ext-toolchain/bin/../lib/gcc/../../lib/gcc/aarch64-buildroot-linux-gnu/14.3.0/include-fixed"
ignoring duplicate directory "/home/daniel/buildroot/buildroot-2025.08/output/host/opt/ext-toolchain/bin/../lib/gcc/../../lib/gcc/aarch64-buildroot-linux-gnu/14.3.0/../../../../aarch64-buildroot-linux-gnu/include"
#include "..." search starts here:
#include <...> search starts here:
 /home/daniel/buildroot/buildroot-2025.08/output/host/opt/ext-toolchain/bin/../lib/gcc/aarch64-buildroot-linux-gnu/14.3.0/../../../../aarch64-buildroot-linux-gnu/include/c++/14.3.0
 /home/daniel/buildroot/buildroot-2025.08/output/host/opt/ext-toolchain/bin/../lib/gcc/aarch64-buildroot-linux-gnu/14.3.0/../../../../aarch64-buildroot-linux-gnu/include/c++/14.3.0/aarch64-buildroot-linux-gnu
 /home/daniel/buildroot/buildroot-2025.08/output/host/opt/ext-toolchain/bin/../lib/gcc/aarch64-buildroot-linux-gnu/14.3.0/../../../../aarch64-buildroot-linux-gnu/include/c++/14.3.0/backward
 /home/daniel/buildroot/buildroot-2025.08/output/host/opt/ext-toolchain/bin/../lib/gcc/aarch64-buildroot-linux-gnu/14.3.0/include
 /home/daniel/buildroot/buildroot-2025.08/output/host/opt/ext-toolchain/bin/../lib/gcc/aarch64-buildroot-linux-gnu/14.3.0/include-fixed
 /home/daniel/buildroot/buildroot-2025.08/output/host/opt/ext-toolchain/bin/../lib/gcc/aarch64-buildroot-linux-gnu/14.3.0/../../../../aarch64-buildroot-linux-gnu/include
 /home/daniel/buildroot/buildroot-2025.08/output/host/aarch64-buildroot-linux-gnu/sysroot/usr/include
End of search list.
Compiler executable checksum: f82f4b69cdd01ac5f4c4b6f1de5638eb
COLLECT_GCC_OPTIONS='--sysroot=/home/daniel/buildroot/buildroot-2025.08/output/host/aarch64-buildroot-linux-gnu/sysroot' '-mabi=lp64' '-fstack-protector-strong' '-fPIE' '-pie' '--sysroot=/home/daniel/buildroot/buildroot-2025.08/output/host/aarch64-buildroot-linux-gnu/sysroot' '-march=armv8-a+crc' '-mtune=cortex-a72' '-v' '-o' 'CMakeFiles/cmTC_aee69.dir/CMakeCXXCompilerABI.cpp.o' '-c' '-shared-libgcc' '-mlittle-endian' '-dumpdir' 'CMakeFiles/cmTC_aee69.dir/'
 /home/daniel/buildroot/buildroot-2025.08/output/host/opt/ext-toolchain/bin/../lib/gcc/aarch64-buildroot-linux-gnu/14.3.0/../../../../aarch64-buildroot-linux-gnu/bin/as -v -EL -march=armv8-a+crc -mabi=lp64 -o CMakeFiles/cmTC_aee69.dir/CMakeCXXCompilerABI.cpp.o /tmp/ccAWuqZH.s
GNU assembler version 2.43.1 (aarch64-buildroot-linux-gnu) using BFD version (GNU Binutils) 2.43.1
COMPILER_PATH=/home/daniel/buildroot/buildroot-2025.08/output/host/opt/ext-toolchain/bin/../libexec/gcc/aarch64-buildroot-linux-gnu/14.3.0/:/home/daniel/buildroot/buildroot-2025.08/output/host/opt/ext-toolchain/bin/../libexec/gcc/:/home/daniel/buildroot/buildroot-2025.08/output/host/opt/ext-toolchain/bin/../lib/gcc/aarch64-buildroot-linux-gnu/14.3.0/../../../../aarch64-buildroot-linux-gnu/bin/
LIBRARY_PATH=/home/daniel/buildroot/buildroot-2025.08/output/host/opt/ext-toolchain/bin/../lib/gcc/aarch64-buildroot-linux-gnu/14.3.0/:/home/daniel/buildroot/buildroot-2025.08/output/host/opt/ext-toolchain/bin/../lib/gcc/:/home/daniel/buildroot/buildroot-2025.08/output/host/opt/ext-toolchain/bin/../lib/gcc/aarch64-buildroot-linux-gnu/14.3.0/../../../../aarch64-buildroot-linux-gnu/lib/../lib64/:/home/daniel/buildroot/buildroot-2025.08/output/host/aarch64-buildroot-linux-gnu/sysroot/lib/../lib64/:/home/daniel/buildroot/buildroot-2025.08/output/host/aarch64-buildroot-linux-gnu/sysroot/usr/lib/../lib64/:/home/daniel/buildroot/buildroot-2025.08/output/host/opt/ext-toolchain/bin/../lib/gcc/aarch64-buildroot-linux-gnu/14.3.0/../../../../aarch64-buildroot-linux-gnu/lib/:/home/daniel/buildroot/buildroot-2025.08/output/host/aarch64-buildroot-linux-gnu/sysroot/lib/:/home/daniel/buildroot/buildroot-2025.08/output/host/aarch64-buildroot-linux-gnu/sysroot/usr/lib/
COLLECT_GCC_OPTIONS='--sysroot=/home/daniel/buildroot/buildroot-2025.08/output/host/aarch64-buildroot-linux-gnu/sysroot' '-mabi=lp64' '-fstack-protector-strong' '-fPIE' '-pie' '--sysroot=/home/daniel/buildroot/buildroot-2025.08/output/host/aarch64-buildroot-linux-gnu/sysroot' '-march=armv8-a+crc' '-mtune=cortex-a72' '-v' '-o' 'CMakeFiles/cmTC_aee69.dir/CMakeCXXCompilerABI.cpp.o' '-c' '-shared-libgcc' '-mlittle-endian' '-dumpdir' 'CMakeFiles/cmTC_aee69.dir/CMakeCXXCompilerABI.cpp.'
Linking CXX executable cmTC_aee69
/usr/bin/cmake -E cmake_link_script CMakeFiles/cmTC_aee69.dir/link.txt --verbose=1
/home/daniel/buildroot/buildroot-2025.08/output/host/bin/aarch64-linux-g++ --sysroot=/home/daniel/buildroot/buildroot-2025.08/output/host/aarch64-buildroot-linux-gnu/sysroot  -march=armv8-a+crc -mtune=cortex-a72 -march=armv8-a+crc -mtune=cortex-a72   -v CMakeFiles/cmTC_aee69.dir/CMakeCXXCompilerABI.cpp.o -o cmTC_aee69 
Using built-in specs.
COLLECT_GCC=/home/daniel/buildroot/buildroot-2025.08/output/host/opt/ext-toolchain/bin/aarch64-linux-g++.br_real
COLLECT_LTO_WRAPPER=/home/daniel/buildroot/buildroot-2025.08/output/host/opt/ext-toolchain/bin/../libexec/gcc/aarch64-buildroot-linux-gnu/14.3.0/lto-wrapper
Target: aarch64-buildroot-linux-gnu
Configured with: ./configure --prefix=/builds/buildroot.org/toolchains-builder/build/aarch64--glibc--stable-2025.08-1 --sysconfdir=/builds/buildroot.org/toolchains-builder/build/aarch64--glibc--stable-2025.08-1/etc --enable-static --target=aarch64-buildroot-linux-gnu --with-sysroot=/builds/buildroot.org/toolchains-builder/build/aarch64--glibc--stable-2025.08-1/aarch64-buildroot-linux-gnu/sysroot --enable-__cxa_atexit --with-gnu-ld --disable-libssp --disable-multilib --disable-decimal-float --enable-plugins --enable-lto --with-gmp=/builds/buildroot.org/toolchains-builder/build/aarch64--glibc--stable-2025.08-1 --with-mpc=/builds/buildroot.org/toolchains-builder/build/aarch64--glibc--stable-2025.08-1 --with-mpfr=/builds/buildroot.org/toolchains-builder/build/aarch64--glibc--stable-2025.08-1 --with-pkgversion='Buildroot 2021.11-18033-g83947c7bb6' --with-bugurl=https://gitlab.com/buildroot.org/buildroot/-/issues --without-zstd --disable-libquadmath --disable-libquadmath-support --enable-tls --enable-threads --without-isl --without-cloog --with-abi=lp64 --with-cpu=cortex-a53 --enable-languages=c,c++ --with-build-time-tools=/builds/buildroot.org/toolchains-builder/build/aarch64--glibc--stable-2025.08-1/aarch64-buildroot-linux-gnu/bin --enable-shared --enable-libgomp
Thread model: posix
Supported LTO compression algorithms: zlib
gcc version 14.3.0 (Buildroot 2021.11-18033-g83947c7bb6) 
COMPILER_PATH=/home/daniel/buildroot/buildroot-2025.08/output/host/opt/ext-toolchain/bin/../libexec/gcc/aarch64-buildroot-linux-gnu/14.3.0/:/home/daniel/buildroot/buildroot-2025.08/output/host/opt/ext-toolchain/bin/../libexec/gcc/:/home/daniel/buildroot/buildroot-2025.08/output/host/opt/ext-toolchain/bin/../lib/gcc/aarch64-buildroot-linux-gnu/14.3.0/../../../../aarch64-buildroot-linux-gnu/bin/
LIBRARY_PATH=/home/daniel/buildroot/buildroot-2025.08/output/host/opt/ext-toolchain/bin/../lib/gcc/aarch64-buildroot-linux-gnu/14.3.0/:/home/daniel/buildroot/buildroot-2025.08/output/host/opt/ext-toolchain/bin/../lib/gcc/:/home/daniel/buildroot/buildroot-2025.08/output/host/opt/ext-toolchain/bin/../lib/gcc/aarch64-buildroot-linux-gnu/14.3.0/../../../../aarch64-buildroot-linux-gnu/lib/../lib64/:/home/daniel/buildroot/buildroot-2025.08/output/host/aarch64-buildroot-linux-gnu/sysroot/lib/../lib64/:/home/daniel/buildroot/buildroot-2025.08/output/host/aarch64-buildroot-linux-gnu/sysroot/usr/lib/../lib64/:/home/daniel/buildroot/buildroot-2025.08/output/host/opt/ext-toolchain/bin/../lib/gcc/aarch64-buildroot-linux-gnu/14.3.0/../../../../aarch64-buildroot-linux-gnu/lib/:/home/daniel/buildroot/buildroot-2025.08/output/host/aarch64-buildroot-linux-gnu/sysroot/lib/:/home/daniel/buildroot/buildroot-2025.08/output/host/aarch64-buildroot-linux-gnu/sysroot/usr/lib/
COLLECT_GCC_OPTIONS='--sysroot=/home/daniel/buildroot/buildroot-2025.08/output/host/aarch64-buildroot-linux-gnu/sysroot' '-mabi=lp64' '-fstack-protector-strong' '-fPIE' '-pie' '--sysroot=/home/daniel/buildroot/buildroot-2025.08/output/host/aarch64-buildroot-linux-gnu/sysroot' '-march=armv8-a+crc' '-mtune=cortex-a72' '-v' '-o' 'cmTC_aee69' '-shared-libgcc' '-mlittle-endian' '-dumpdir' 'cmTC_aee69.'
 /home/daniel/buildroot/buildroot-2025.08/output/host/opt/ext-toolchain/bin/../libexec/gcc/aarch64-buildroot-linux-gnu/14.3.0/collect2 -plugin /home/daniel/buildroot/buildroot-2025.08/output/host/opt/ext-toolchain/bin/../libexec/gcc/aarch64-buildroot-linux-gnu/14.3.0/liblto_plugin.so -plugin-opt=/home/daniel/buildroot/buildroot-2025.08/output/host/opt/ext-toolchain/bin/../libexec/gcc/aarch64-buildroot-linux-gnu/14.3.0/lto-wrapper -plugin-opt=-fresolution=/tmp/ccwKYAtv.res -plugin-opt=-pass-through=-lgcc_s -plugin-opt=-pass-through=-lgcc -plugin-opt=-pass-through=-lc -plugin-opt=-pass-through=-lgcc_s -plugin-opt=-pass-through=-lgcc --sysroot=/home/daniel/buildroot/buildroot-2025.08/output/host/aarch64-buildroot-linux-gnu/sysroot --eh-frame-hdr -dynamic-linker /lib/ld-linux-aarch64.so.1 -X -EL -maarch64linux -pie -o cmTC_aee69 /home/daniel/buildroot/buildroot-2025.08/output/host/aarch64-buildroot-linux-gnu/sysroot/usr/lib/../lib64/Scrt1.o /home/daniel/buildroot/buildroot-2025.08/output/host/aarch64-buildroot-linux-gnu/sysroot/usr/lib/../lib64/crti.o /home/daniel/buildroot/buildroot-2025.08/output/host/opt/ext-toolchain/bin/../lib/gcc/aarch64-buildroot-linux-gnu/14.3.0/crtbeginS.o -L/home/daniel/buildroot/buildroot-2025.08/output/host/opt/ext-toolchain/bin/../lib/gcc/aarch64-buildroot-linux-gnu/14.3.0 -L/home/daniel/buildroot/buildroot-2025.08/output/host/opt/ext-toolchain/bin/../lib/gcc -L/home/daniel/buildroot/buildroot-2025.08/output/host/opt/ext-toolchain/bin/../lib/gcc/aarch64-buildroot-linux-gnu/14.3.0/../../../../aarch64-buildroot-linux-gnu/lib/../lib64 -L/home/daniel/buildroot/buildroot-2025.08/output/host/aarch64-buildroot-linux-gnu/sysroot/lib/../lib64 -L/home/daniel/buildroot/buildroot-2025.08/output/host/aarch64-buildroot-linux-gnu/sysroot/usr/lib/../lib64 -L/home/daniel/buildroot/buildroot-2025.08/output/host/opt/ext-toolchain/bin/../lib/gcc/aarch64-buildroot-linux-gnu/14.3.0/../../../../aarch64-buildroot-linux-gnu/lib -L/home/daniel/buildroot/buildroot-2025.08/output/host/aarch64-buildroot-linux-gnu/sysroot/lib -L/home/daniel/buildroot/buildroot-2025.08/output/host/aarch64-buildroot-linux-gnu/sysroot/usr/lib -z max-page-size=4096 -z common-page-size=4096 -z now -z relro CMakeFiles/cmTC_aee69.dir/CMakeCXXCompilerABI.cpp.o -lstdc++ -lm -lgcc_s -lgcc -lc -lgcc_s -lgcc /home/daniel/buildroot/buildroot-2025.08/output/host/opt/ext-toolchain/bin/../lib/gcc/aarch64-buildroot-linux-gnu/14.3.0/crtendS.o /home/daniel/buildroot/buildroot-2025.08/output/host/aarch64-buildroot-linux-gnu/sysroot/usr/lib/../lib64/crtn.o
COLLECT_GCC_OPTIONS='--sysroot=/home/daniel/buildroot/buildroot-2025.08/output/host/aarch64-buildroot-linux-gnu/sysroot' '-mabi=lp64' '-fstack-protector-strong' '-fPIE' '-pie' '--sysroot=/home/daniel/buildroot/buildroot-2025.08/output/host/aarch64-buildroot-linux-gnu/sysroot' '-march=armv8-a+crc' '-mtune=cortex-a72' '-v' '-o' 'cmTC_aee69' '-shared-libgcc' '-mlittle-endian' '-dumpdir' 'cmTC_aee69.'
gmake[1]: Leaving directory '/home/daniel/Desktop/ESRG/2025-2026/Project/Rasp/leafsense-project/build-arm64/CMakeFiles/CMakeTmp'



Parsed CXX implicit include dir info from above output: rv=done
  found start of include info
  found start of implicit include info
    add: [/home/daniel/buildroot/buildroot-2025.08/output/host/opt/ext-toolchain/bin/../lib/gcc/aarch64-buildroot-linux-gnu/14.3.0/../../../../aarch64-buildroot-linux-gnu/include/c++/14.3.0]
    add: [/home/daniel/buildroot/buildroot-2025.08/output/host/opt/ext-toolchain/bin/../lib/gcc/aarch64-buildroot-linux-gnu/14.3.0/../../../../aarch64-buildroot-linux-gnu/include/c++/14.3.0/aarch64-buildroot-linux-gnu]
    add: [/home/daniel/buildroot/buildroot-2025.08/output/host/opt/ext-toolchain/bin/../lib/gcc/aarch64-buildroot-linux-gnu/14.3.0/../../../../aarch64-buildroot-linux-gnu/include/c++/14.3.0/backward]
    add: [/home/daniel/buildroot/buildroot-2025.08/output/host/opt/ext-toolchain/bin/../lib/gcc/aarch64-buildroot-linux-gnu/14.3.0/include]
    add: [/home/daniel/buildroot/buildroot-2025.08/output/host/opt/ext-toolchain/bin/../lib/gcc/aarch64-buildroot-linux-gnu/14.3.0/include-fixed]
    add: [/home/daniel/buildroot/buildroot-2025.08/output/host/opt/ext-toolchain/bin/../lib/gcc/aarch64-buildroot-linux-gnu/14.3.0/../../../../aarch64-buildroot-linux-gnu/include]
    add: [/home/daniel/buildroot/buildroot-2025.08/output/host/aarch64-buildroot-linux-gnu/sysroot/usr/include]
  end of search list found
  collapse include dir [/home/daniel/buildroot/buildroot-2025.08/output/host/opt/ext-toolchain/bin/../lib/gcc/aarch64-buildroot-linux-gnu/14.3.0/../../../../aarch64-buildroot-linux-gnu/include/c++/14.3.0] ==> [/home/daniel/buildroot/buildroot-2025.08/output/host/opt/ext-toolchain/aarch64-buildroot-linux-gnu/include/c++/14.3.0]
  collapse include dir [/home/daniel/buildroot/buildroot-2025.08/output/host/opt/ext-toolchain/bin/../lib/gcc/aarch64-buildroot-linux-gnu/14.3.0/../../../../aarch64-buildroot-linux-gnu/include/c++/14.3.0/aarch64-buildroot-linux-gnu] ==> [/home/daniel/buildroot/buildroot-2025.08/output/host/opt/ext-toolchain/aarch64-buildroot-linux-gnu/include/c++/14.3.0/aarch64-buildroot-linux-gnu]
  collapse include dir [/home/daniel/buildroot/buildroot-2025.08/output/host/opt/ext-toolchain/bin/../lib/gcc/aarch64-buildroot-linux-gnu/14.3.0/../../../../aarch64-buildroot-linux-gnu/include/c++/14.3.0/backward] ==> [/home/daniel/buildroot/buildroot-2025.08/output/host/opt/ext-toolchain/aarch64-buildroot-linux-gnu/include/c++/14.3.0/backward]
  collapse include dir [/home/daniel/buildroot/buildroot-2025.08/output/host/opt/ext-toolchain/bin/../lib/gcc/aarch64-buildroot-linux-gnu/14.3.0/include] ==> [/home/daniel/buildroot/buildroot-2025.08/output/host/opt/ext-toolchain/lib/gcc/aarch64-buildroot-linux-gnu/14.3.0/include]
  collapse include dir [/home/daniel/buildroot/buildroot-2025.08/output/host/opt/ext-toolchain/bin/../lib/gcc/aarch64-buildroot-linux-gnu/14.3.0/include-fixed] ==> [/home/daniel/buildroot/buildroot-2025.08/output/host/opt/ext-toolchain/lib/gcc/aarch64-buildroot-linux-gnu/14.3.0/include-fixed]
  collapse include dir [/home/daniel/buildroot/buildroot-2025.08/output/host/opt/ext-toolchain/bin/../lib/gcc/aarch64-buildroot-linux-gnu/14.3.0/../../../../aarch64-buildroot-linux-gnu/include] ==> [/home/daniel/buildroot/buildroot-2025.08/output/host/opt/ext-toolchain/aarch64-buildroot-linux-gnu/include]
  collapse include dir [/home/daniel/buildroot/buildroot-2025.08/output/host/aarch64-buildroot-linux-gnu/sysroot/usr/include] ==> [/home/daniel/buildroot/buildroot-2025.08/output/host/aarch64-buildroot-linux-gnu/sysroot/usr/include]
  implicit include dirs: [/home/daniel/buildroot/buildroot-2025.08/output/host/opt/ext-toolchain/aarch64-buildroot-linux-gnu/include/c++/14.3.0;/home/daniel/buildroot/buildroot-2025.08/output/host/opt/ext-toolchain/aarch64-buildroot-linux-gnu/include/c++/14.3.0/aarch64-buildroot-linux-gnu;/home/daniel/buildroot/buildroot-2025.08/output/host/opt/ext-toolchain/aarch64-buildroot-linux-gnu/include/c++/14.3.0/backward;/home/daniel/buildroot/buildroot-2025.08/output/host/opt/ext-toolchain/lib/gcc/aarch64-buildroot-linux-gnu/14.3.0/include;/home/daniel/buildroot/buildroot-2025.08/output/host/opt/ext-toolchain/lib/gcc/aarch64-buildroot-linux-gnu/14.3.0/include-fixed;/home/daniel/buildroot/buildroot-2025.08/output/host/opt/ext-toolchain/aarch64-buildroot-linux-gnu/include;/home/daniel/buildroot/buildroot-2025.08/output/host/aarch64-buildroot-linux-gnu/sysroot/usr/include]


Parsed CXX implicit link information from above output:
  link line regex: [^( *|.*[/\])(aarch64-linux-ld|CMAKE_LINK_STARTFILE-NOTFOUND|([^/\]+-)?ld|collect2)[^/\]*( |$)]
  ignore line: [Change Dir: /home/daniel/Desktop/ESRG/2025-2026/Project/Rasp/leafsense-project/build-arm64/CMakeFiles/CMakeTmp]
  ignore line: []
  ignore line: [Run Build Command(s):/usr/bin/gmake -f Makefile cmTC_aee69/fast && /usr/bin/gmake  -f CMakeFiles/cmTC_aee69.dir/build.make CMakeFiles/cmTC_aee69.dir/build]
  ignore line: [gmake[1]: Entering directory '/home/daniel/Desktop/ESRG/2025-2026/Project/Rasp/leafsense-project/build-arm64/CMakeFiles/CMakeTmp']
  ignore line: [Building CXX object CMakeFiles/cmTC_aee69.dir/CMakeCXXCompilerABI.cpp.o]
  ignore line: [/home/daniel/buildroot/buildroot-2025.08/output/host/bin/aarch64-linux-g++ --sysroot=/home/daniel/buildroot/buildroot-2025.08/output/host/aarch64-buildroot-linux-gnu/sysroot   -march=armv8-a+crc -mtune=cortex-a72 -march=armv8-a+crc -mtune=cortex-a72    -v -o CMakeFiles/cmTC_aee69.dir/CMakeCXXCompilerABI.cpp.o -c /usr/share/cmake-3.22/Modules/CMakeCXXCompilerABI.cpp]
  ignore line: [Using built-in specs.]
  ignore line: [COLLECT_GCC=/home/daniel/buildroot/buildroot-2025.08/output/host/opt/ext-toolchain/bin/aarch64-linux-g++.br_real]
  ignore line: [Target: aarch64-buildroot-linux-gnu]
  ignore line: [Configured with: ./configure --prefix=/builds/buildroot.org/toolchains-builder/build/aarch64--glibc--stable-2025.08-1 --sysconfdir=/builds/buildroot.org/toolchains-builder/build/aarch64--glibc--stable-2025.08-1/etc --enable-static --target=aarch64-buildroot-linux-gnu --with-sysroot=/builds/buildroot.org/toolchains-builder/build/aarch64--glibc--stable-2025.08-1/aarch64-buildroot-linux-gnu/sysroot --enable-__cxa_atexit --with-gnu-ld --disable-libssp --disable-multilib --disable-decimal-float --enable-plugins --enable-lto --with-gmp=/builds/buildroot.org/toolchains-builder/build/aarch64--glibc--stable-2025.08-1 --with-mpc=/builds/buildroot.org/toolchains-builder/build/aarch64--glibc--stable-2025.08-1 --with-mpfr=/builds/buildroot.org/toolchains-builder/build/aarch64--glibc--stable-2025.08-1 --with-pkgversion='Buildroot 2021.11-18033-g83947c7bb6' --with-bugurl=https://gitlab.com/buildroot.org/buildroot/-/issues --without-zstd --disable-libquadmath --disable-libquadmath-support --enable-tls --enable-threads --without-isl --without-cloog --with-abi=lp64 --with-cpu=cortex-a53 --enable-languages=c,c++ --with-build-time-tools=/builds/buildroot.org/toolchains-builder/build/aarch64--glibc--stable-2025.08-1/aarch64-buildroot-linux-gnu/bin --enable-shared --enable-libgomp]
  ignore line: [Thread model: posix]
  ignore line: [Supported LTO compression algorithms: zlib]
  ignore line: [gcc version 14.3.0 (Buildroot 2021.11-18033-g83947c7bb6) ]
  ignore line: [COLLECT_GCC_OPTIONS='--sysroot=/home/daniel/buildroot/buildroot-2025.08/output/host/aarch64-buildroot-linux-gnu/sysroot' '-mabi=lp64' '-fstack-protector-strong' '-fPIE' '-pie' '--sysroot=/home/daniel/buildroot/buildroot-2025.08/output/host/aarch64-buildroot-linux-gnu/sysroot' '-march=armv8-a+crc' '-mtune=cortex-a72' '-v' '-o' 'CMakeFiles/cmTC_aee69.dir/CMakeCXXCompilerABI.cpp.o' '-c' '-shared-libgcc' '-mlittle-endian' '-dumpdir' 'CMakeFiles/cmTC_aee69.dir/']
  ignore line: [ /home/daniel/buildroot/buildroot-2025.08/output/host/opt/ext-toolchain/bin/../libexec/gcc/aarch64-buildroot-linux-gnu/14.3.0/cc1plus -quiet -v -iprefix /home/daniel/buildroot/buildroot-2025.08/output/host/opt/ext-toolchain/bin/../lib/gcc/aarch64-buildroot-linux-gnu/14.3.0/ -isysroot /home/daniel/buildroot/buildroot-2025.08/output/host/aarch64-buildroot-linux-gnu/sysroot -D_GNU_SOURCE /usr/share/cmake-3.22/Modules/CMakeCXXCompilerABI.cpp -quiet -dumpdir CMakeFiles/cmTC_aee69.dir/ -dumpbase CMakeCXXCompilerABI.cpp.cpp -dumpbase-ext .cpp -mabi=lp64 -march=armv8-a+crc -mtune=cortex-a72 -mlittle-endian -version -fstack-protector-strong -fPIE -o /tmp/ccAWuqZH.s]
  ignore line: [GNU C++17 (Buildroot 2021.11-18033-g83947c7bb6) version 14.3.0 (aarch64-buildroot-linux-gnu)]
  ignore line: [	compiled by GNU C version 10.2.1 20210110  GMP version 6.3.0  MPFR version 4.1.1  MPC version 1.3.1  isl version none]
  ignore line: [GGC heuristics: --param ggc-min-expand=100 --param ggc-min-heapsize=131072]
  ignore line: [ignoring duplicate directory "/home/daniel/buildroot/buildroot-2025.08/output/host/opt/ext-toolchain/bin/../lib/gcc/../../lib/gcc/aarch64-buildroot-linux-gnu/14.3.0/../../../../aarch64-buildroot-linux-gnu/include/c++/14.3.0"]
  ignore line: [ignoring duplicate directory "/home/daniel/buildroot/buildroot-2025.08/output/host/opt/ext-toolchain/bin/../lib/gcc/../../lib/gcc/aarch64-buildroot-linux-gnu/14.3.0/../../../../aarch64-buildroot-linux-gnu/include/c++/14.3.0/aarch64-buildroot-linux-gnu"]
  ignore line: [ignoring duplicate directory "/home/daniel/buildroot/buildroot-2025.08/output/host/opt/ext-toolchain/bin/../lib/gcc/../../lib/gcc/aarch64-buildroot-linux-gnu/14.3.0/../../../../aarch64-buildroot-linux-gnu/include/c++/14.3.0/backward"]
  ignore line: [ignoring duplicate directory "/home/daniel/buildroot/buildroot-2025.08/output/host/opt/ext-toolchain/bin/../lib/gcc/../../lib/gcc/aarch64-buildroot-linux-gnu/14.3.0/include"]
  ignore line: [ignoring nonexistent directory "/home/daniel/buildroot/buildroot-2025.08/output/host/aarch64-buildroot-linux-gnu/sysroot/usr/local/include"]
  ignore line: [ignoring duplicate directory "/home/daniel/buildroot/buildroot-2025.08/output/host/opt/ext-toolchain/bin/../lib/gcc/../../lib/gcc/aarch64-buildroot-linux-gnu/14.3.0/include-fixed"]
  ignore line: [ignoring duplicate directory "/home/daniel/buildroot/buildroot-2025.08/output/host/opt/ext-toolchain/bin/../lib/gcc/../../lib/gcc/aarch64-buildroot-linux-gnu/14.3.0/../../../../aarch64-buildroot-linux-gnu/include"]
  ignore line: [#include "..." search starts here:]
  ignore line: [#include <...> search starts here:]
  ignore line: [ /home/daniel/buildroot/buildroot-2025.08/output/host/opt/ext-toolchain/bin/../lib/gcc/aarch64-buildroot-linux-gnu/14.3.0/../../../../aarch64-buildroot-linux-gnu/include/c++/14.3.0]
  ignore line: [ /home/daniel/buildroot/buildroot-2025.08/output/host/opt/ext-toolchain/bin/../lib/gcc/aarch64-buildroot-linux-gnu/14.3.0/../../../../aarch64-buildroot-linux-gnu/include/c++/14.3.0/aarch64-buildroot-linux-gnu]
  ignore line: [ /home/daniel/buildroot/buildroot-2025.08/output/host/opt/ext-toolchain/bin/../lib/gcc/aarch64-buildroot-linux-gnu/14.3.0/../../../../aarch64-buildroot-linux-gnu/include/c++/14.3.0/backward]
  ignore line: [ /home/daniel/buildroot/buildroot-2025.08/output/host/opt/ext-toolchain/bin/../lib/gcc/aarch64-buildroot-linux-gnu/14.3.0/include]
  ignore line: [ /home/daniel/buildroot/buildroot-2025.08/output/host/opt/ext-toolchain/bin/../lib/gcc/aarch64-buildroot-linux-gnu/14.3.0/include-fixed]
  ignore line: [ /home/daniel/buildroot/buildroot-2025.08/output/host/opt/ext-toolchain/bin/../lib/gcc/aarch64-buildroot-linux-gnu/14.3.0/../../../../aarch64-buildroot-linux-gnu/include]
  ignore line: [ /home/daniel/buildroot/buildroot-2025.08/output/host/aarch64-buildroot-linux-gnu/sysroot/usr/include]
  ignore line: [End of search list.]
  ignore line: [Compiler executable checksum: f82f4b69cdd01ac5f4c4b6f1de5638eb]
  ignore line: [COLLECT_GCC_OPTIONS='--sysroot=/home/daniel/buildroot/buildroot-2025.08/output/host/aarch64-buildroot-linux-gnu/sysroot' '-mabi=lp64' '-fstack-protector-strong' '-fPIE' '-pie' '--sysroot=/home/daniel/buildroot/buildroot-2025.08/output/host/aarch64-buildroot-linux-gnu/sysroot' '-march=armv8-a+crc' '-mtune=cortex-a72' '-v' '-o' 'CMakeFiles/cmTC_aee69.dir/CMakeCXXCompilerABI.cpp.o' '-c' '-shared-libgcc' '-mlittle-endian' '-dumpdir' 'CMakeFiles/cmTC_aee69.dir/']
  ignore line: [ /home/daniel/buildroot/buildroot-2025.08/output/host/opt/ext-toolchain/bin/../lib/gcc/aarch64-buildroot-linux-gnu/14.3.0/../../../../aarch64-buildroot-linux-gnu/bin/as -v -EL -march=armv8-a+crc -mabi=lp64 -o CMakeFiles/cmTC_aee69.dir/CMakeCXXCompilerABI.cpp.o /tmp/ccAWuqZH.s]
  ignore line: [GNU assembler version 2.43.1 (aarch64-buildroot-linux-gnu) using BFD version (GNU Binutils) 2.43.1]
  ignore line: [COMPILER_PATH=/home/daniel/buildroot/buildroot-2025.08/output/host/opt/ext-toolchain/bin/../libexec/gcc/aarch64-buildroot-linux-gnu/14.3.0/:/home/daniel/buildroot/buildroot-2025.08/output/host/opt/ext-toolchain/bin/../libexec/gcc/:/home/daniel/buildroot/buildroot-2025.08/output/host/opt/ext-toolchain/bin/../lib/gcc/aarch64-buildroot-linux-gnu/14.3.0/../../../../aarch64-buildroot-linux-gnu/bin/]
  ignore line: [LIBRARY_PATH=/home/daniel/buildroot/buildroot-2025.08/output/host/opt/ext-toolchain/bin/../lib/gcc/aarch64-buildroot-linux-gnu/14.3.0/:/home/daniel/buildroot/buildroot-2025.08/output/host/opt/ext-toolchain/bin/../lib/gcc/:/home/daniel/buildroot/buildroot-2025.08/output/host/opt/ext-toolchain/bin/../lib/gcc/aarch64-buildroot-linux-gnu/14.3.0/../../../../aarch64-buildroot-linux-gnu/lib/../lib64/:/home/daniel/buildroot/buildroot-2025.08/output/host/aarch64-buildroot-linux-gnu/sysroot/lib/../lib64/:/home/daniel/buildroot/buildroot-2025.08/output/host/aarch64-buildroot-linux-gnu/sysroot/usr/lib/../lib64/:/home/daniel/buildroot/buildroot-2025.08/output/host/opt/ext-toolchain/bin/../lib/gcc/aarch64-buildroot-linux-gnu/14.3.0/../../../../aarch64-buildroot-linux-gnu/lib/:/home/daniel/buildroot/buildroot-2025.08/output/host/aarch64-buildroot-linux-gnu/sysroot/lib/:/home/daniel/buildroot/buildroot-2025.08/output/host/aarch64-buildroot-linux-gnu/sysroot/usr/lib/]
  ignore line: [COLLECT_GCC_OPTIONS='--sysroot=/home/daniel/buildroot/buildroot-2025.08/output/host/aarch64-buildroot-linux-gnu/sysroot' '-mabi=lp64' '-fstack-protector-strong' '-fPIE' '-pie' '--sysroot=/home/daniel/buildroot/buildroot-2025.08/output/host/aarch64-buildroot-linux-gnu/sysroot' '-march=armv8-a+crc' '-mtune=cortex-a72' '-v' '-o' 'CMakeFiles/cmTC_aee69.dir/CMakeCXXCompilerABI.cpp.o' '-c' '-shared-libgcc' '-mlittle-endian' '-dumpdir' 'CMakeFiles/cmTC_aee69.dir/CMakeCXXCompilerABI.cpp.']
  ignore line: [Linking CXX executable cmTC_aee69]
  ignore line: [/usr/bin/cmake -E cmake_link_script CMakeFiles/cmTC_aee69.dir/link.txt --verbose=1]
  ignore line: [/home/daniel/buildroot/buildroot-2025.08/output/host/bin/aarch64-linux-g++ --sysroot=/home/daniel/buildroot/buildroot-2025.08/output/host/aarch64-buildroot-linux-gnu/sysroot  -march=armv8-a+crc -mtune=cortex-a72 -march=armv8-a+crc -mtune=cortex-a72   -v CMakeFiles/cmTC_aee69.dir/CMakeCXXCompilerABI.cpp.o -o cmTC_aee69 ]
  ignore line: [Using built-in specs.]
  ignore line: [COLLECT_GCC=/home/daniel/buildroot/buildroot-2025.08/output/host/opt/ext-toolchain/bin/aarch64-linux-g++.br_real]
  ignore line: [COLLECT_LTO_WRAPPER=/home/daniel/buildroot/buildroot-2025.08/output/host/opt/ext-toolchain/bin/../libexec/gcc/aarch64-buildroot-linux-gnu/14.3.0/lto-wrapper]
  ignore line: [Target: aarch64-buildroot-linux-gnu]
  ignore line: [Configured with: ./configure --prefix=/builds/buildroot.org/toolchains-builder/build/aarch64--glibc--stable-2025.08-1 --sysconfdir=/builds/buildroot.org/toolchains-builder/build/aarch64--glibc--stable-2025.08-1/etc --enable-static --target=aarch64-buildroot-linux-gnu --with-sysroot=/builds/buildroot.org/toolchains-builder/build/aarch64--glibc--stable-2025.08-1/aarch64-buildroot-linux-gnu/sysroot --enable-__cxa_atexit --with-gnu-ld --disable-libssp --disable-multilib --disable-decimal-float --enable-plugins --enable-lto --with-gmp=/builds/buildroot.org/toolchains-builder/build/aarch64--glibc--stable-2025.08-1 --with-mpc=/builds/buildroot.org/toolchains-builder/build/aarch64--glibc--stable-2025.08-1 --with-mpfr=/builds/buildroot.org/toolchains-builder/build/aarch64--glibc--stable-2025.08-1 --with-pkgversion='Buildroot 2021.11-18033-g83947c7bb6' --with-bugurl=https://gitlab.com/buildroot.org/buildroot/-/issues --without-zstd --disable-libquadmath --disable-libquadmath-support --enable-tls --enable-threads --without-isl --without-cloog --with-abi=lp64 --with-cpu=cortex-a53 --enable-languages=c,c++ --with-build-time-tools=/builds/buildroot.org/toolchains-builder/build/aarch64--glibc--stable-2025.08-1/aarch64-buildroot-linux-gnu/bin --enable-shared --enable-libgomp]
  ignore line: [Thread model: posix]
  ignore line: [Supported LTO compression algorithms: zlib]
  ignore line: [gcc version 14.3.0 (Buildroot 2021.11-18033-g83947c7bb6) ]
  ignore line: [COMPILER_PATH=/home/daniel/buildroot/buildroot-2025.08/output/host/opt/ext-toolchain/bin/../libexec/gcc/aarch64-buildroot-linux-gnu/14.3.0/:/home/daniel/buildroot/buildroot-2025.08/output/host/opt/ext-toolchain/bin/../libexec/gcc/:/home/daniel/buildroot/buildroot-2025.08/output/host/opt/ext-toolchain/bin/../lib/gcc/aarch64-buildroot-linux-gnu/14.3.0/../../../../aarch64-buildroot-linux-gnu/bin/]
  ignore line: [LIBRARY_PATH=/home/daniel/buildroot/buildroot-2025.08/output/host/opt/ext-toolchain/bin/../lib/gcc/aarch64-buildroot-linux-gnu/14.3.0/:/home/daniel/buildroot/buildroot-2025.08/output/host/opt/ext-toolchain/bin/../lib/gcc/:/home/daniel/buildroot/buildroot-2025.08/output/host/opt/ext-toolchain/bin/../lib/gcc/aarch64-buildroot-linux-gnu/14.3.0/../../../../aarch64-buildroot-linux-gnu/lib/../lib64/:/home/daniel/buildroot/buildroot-2025.08/output/host/aarch64-buildroot-linux-gnu/sysroot/lib/../lib64/:/home/daniel/buildroot/buildroot-2025.08/output/host/aarch64-buildroot-linux-gnu/sysroot/usr/lib/../lib64/:/home/daniel/buildroot/buildroot-2025.08/output/host/opt/ext-toolchain/bin/../lib/gcc/aarch64-buildroot-linux-gnu/14.3.0/../../../../aarch64-buildroot-linux-gnu/lib/:/home/daniel/buildroot/buildroot-2025.08/output/host/aarch64-buildroot-linux-gnu/sysroot/lib/:/home/daniel/buildroot/buildroot-2025.08/output/host/aarch64-buildroot-linux-gnu/sysroot/usr/lib/]
  ignore line: [COLLECT_GCC_OPTIONS='--sysroot=/home/daniel/buildroot/buildroot-2025.08/output/host/aarch64-buildroot-linux-gnu/sysroot' '-mabi=lp64' '-fstack-protector-strong' '-fPIE' '-pie' '--sysroot=/home/daniel/buildroot/buildroot-2025.08/output/host/aarch64-buildroot-linux-gnu/sysroot' '-march=armv8-a+crc' '-mtune=cortex-a72' '-v' '-o' 'cmTC_aee69' '-shared-libgcc' '-mlittle-endian' '-dumpdir' 'cmTC_aee69.']
  link line: [ /home/daniel/buildroot/buildroot-2025.08/output/host/opt/ext-toolchain/bin/../libexec/gcc/aarch64-buildroot-linux-gnu/14.3.0/collect2 -plugin /home/daniel/buildroot/buildroot-2025.08/output/host/opt/ext-toolchain/bin/../libexec/gcc/aarch64-buildroot-linux-gnu/14.3.0/liblto_plugin.so -plugin-opt=/home/daniel/buildroot/buildroot-2025.08/output/host/opt/ext-toolchain/bin/../libexec/gcc/aarch64-buildroot-linux-gnu/14.3.0/lto-wrapper -plugin-opt=-fresolution=/tmp/ccwKYAtv.res -plugin-opt=-pass-through=-lgcc_s -plugin-opt=-pass-through=-lgcc -plugin-opt=-pass-through=-lc -plugin-opt=-pass-through=-lgcc_s -plugin-opt=-pass-through=-lgcc --sysroot=/home/daniel/buildroot/buildroot-2025.08/output/host/aarch64-buildroot-linux-gnu/sysroot --eh-frame-hdr -dynamic-linker /lib/ld-linux-aarch64.so.1 -X -EL -maarch64linux -pie -o cmTC_aee69 /home/daniel/buildroot/buildroot-2025.08/output/host/aarch64-buildroot-linux-gnu/sysroot/usr/lib/../lib64/Scrt1.o /home/daniel/buildroot/buildroot-2025.08/output/host/aarch64-buildroot-linux-gnu/sysroot/usr/lib/../lib64/crti.o /home/daniel/buildroot/buildroot-2025.08/output/host/opt/ext-toolchain/bin/../lib/gcc/aarch64-buildroot-linux-gnu/14.3.0/crtbeginS.o -L/home/daniel/buildroot/buildroot-2025.08/output/host/opt/ext-toolchain/bin/../lib/gcc/aarch64-buildroot-linux-gnu/14.3.0 -L/home/daniel/buildroot/buildroot-2025.08/output/host/opt/ext-toolchain/bin/../lib/gcc -L/home/daniel/buildroot/buildroot-2025.08/output/host/opt/ext-toolchain/bin/../lib/gcc/aarch64-buildroot-linux-gnu/14.3.0/../../../../aarch64-buildroot-linux-gnu/lib/../lib64 -L/home/daniel/buildroot/buildroot-2025.08/output/host/aarch64-buildroot-linux-gnu/sysroot/lib/../lib64 -L/home/daniel/buildroot/buildroot-2025.08/output/host/aarch64-buildroot-linux-gnu/sysroot/usr/lib/../lib64 -L/home/daniel/buildroot/buildroot-2025.08/output/host/opt/ext-toolchain/bin/../lib/gcc/aarch64-buildroot-linux-gnu/14.3.0/../../../../aarch64-buildroot-linux-gnu/lib -L/home/daniel/buildroot/buildroot-2025.08/output/host/aarch64-buildroot-linux-gnu/sysroot/lib -L/home/daniel/buildroot/buildroot-2025.08/output/host/aarch64-buildroot-linux-gnu/sysroot/usr/lib -z max-page-size=4096 -z common-page-size=4096 -z now -z relro CMakeFiles/cmTC_aee69.dir/CMakeCXXCompilerABI.cpp.o -lstdc++ -lm -lgcc_s -lgcc -lc -lgcc_s -lgcc /home/daniel/buildroot/buildroot-2025.08/output/host/opt/ext-toolchain/bin/../lib/gcc/aarch64-buildroot-linux-gnu/14.3.0/crtendS.o /home/daniel/buildroot/buildroot-2025.08/output/host/aarch64-buildroot-linux-gnu/sysroot/usr/lib/../lib64/crtn.o]
    arg [/home/daniel/buildroot/buildroot-2025.08/output/host/opt/ext-toolchain/bin/../libexec/gcc/aarch64-buildroot-linux-gnu/14.3.0/collect2] ==> ignore
    arg [-plugin] ==> ignore
    arg [/home/daniel/buildroot/buildroot-2025.08/output/host/opt/ext-toolchain/bin/../libexec/gcc/aarch64-buildroot-linux-gnu/14.3.0/liblto_plugin.so] ==> ignore
    arg [-plugin-opt=/home/daniel/buildroot/buildroot-2025.08/output/host/opt/ext-toolchain/bin/../libexec/gcc/aarch64-buildroot-linux-gnu/14.3.0/lto-wrapper] ==> ignore
    arg [-plugin-opt=-fresolution=/tmp/ccwKYAtv.res] ==> ignore
    arg [-plugin-opt=-pass-through=-lgcc_s] ==> ignore
    arg [-plugin-opt=-pass-through=-lgcc] ==> ignore
    arg [-plugin-opt=-pass-through=-lc] ==> ignore
    arg [-plugin-opt=-pass-through=-lgcc_s] ==> ignore
    arg [-plugin-opt=-pass-through=-lgcc] ==> ignore
    arg [--sysroot=/home/daniel/buildroot/buildroot-2025.08/output/host/aarch64-buildroot-linux-gnu/sysroot] ==> ignore
    arg [--eh-frame-hdr] ==> ignore
    arg [-dynamic-linker] ==> ignore
    arg [/lib/ld-linux-aarch64.so.1] ==> ignore
    arg [-X] ==> ignore
    arg [-EL] ==> ignore
    arg [-maarch64linux] ==> ignore
    arg [-pie] ==> ignore
    arg [-o] ==> ignore
    arg [cmTC_aee69] ==> ignore
    arg [/home/daniel/buildroot/buildroot-2025.08/output/host/aarch64-buildroot-linux-gnu/sysroot/usr/lib/../lib64/Scrt1.o] ==> obj [/home/daniel/buildroot/buildroot-2025.08/output/host/aarch64-buildroot-linux-gnu/sysroot/usr/lib/../lib64/Scrt1.o]
    arg [/home/daniel/buildroot/buildroot-2025.08/output/host/aarch64-buildroot-linux-gnu/sysroot/usr/lib/../lib64/crti.o] ==> obj [/home/daniel/buildroot/buildroot-2025.08/output/host/aarch64-buildroot-linux-gnu/sysroot/usr/lib/../lib64/crti.o]
    arg [/home/daniel/buildroot/buildroot-2025.08/output/host/opt/ext-toolchain/bin/../lib/gcc/aarch64-buildroot-linux-gnu/14.3.0/crtbeginS.o] ==> obj [/home/daniel/buildroot/buildroot-2025.08/output/host/opt/ext-toolchain/bin/../lib/gcc/aarch64-buildroot-linux-gnu/14.3.0/crtbeginS.o]
    arg [-L/home/daniel/buildroot/buildroot-2025.08/output/host/opt/ext-toolchain/bin/../lib/gcc/aarch64-buildroot-linux-gnu/14.3.0] ==> dir [/home/daniel/buildroot/buildroot-2025.08/output/host/opt/ext-toolchain/bin/../lib/gcc/aarch64-buildroot-linux-gnu/14.3.0]
    arg [-L/home/daniel/buildroot/buildroot-2025.08/output/host/opt/ext-toolchain/bin/../lib/gcc] ==> dir [/home/daniel/buildroot/buildroot-2025.08/output/host/opt/ext-toolchain/bin/../lib/gcc]
    arg [-L/home/daniel/buildroot/buildroot-2025.08/output/host/opt/ext-toolchain/bin/../lib/gcc/aarch64-buildroot-linux-gnu/14.3.0/../../../../aarch64-buildroot-linux-gnu/lib/../lib64] ==> dir [/home/daniel/buildroot/buildroot-2025.08/output/host/opt/ext-toolchain/bin/../lib/gcc/aarch64-buildroot-linux-gnu/14.3.0/../../../../aarch64-buildroot-linux-gnu/lib/../lib64]
    arg [-L/home/daniel/buildroot/buildroot-2025.08/output/host/aarch64-buildroot-linux-gnu/sysroot/lib/../lib64] ==> dir [/home/daniel/buildroot/buildroot-2025.08/output/host/aarch64-buildroot-linux-gnu/sysroot/lib/../lib64]
    arg [-L/home/daniel/buildroot/buildroot-2025.08/output/host/aarch64-buildroot-linux-gnu/sysroot/usr/lib/../lib64] ==> dir [/home/daniel/buildroot/buildroot-2025.08/output/host/aarch64-buildroot-linux-gnu/sysroot/usr/lib/../lib64]
    arg [-L/home/daniel/buildroot/buildroot-2025.08/output/host/opt/ext-toolchain/bin/../lib/gcc/aarch64-buildroot-linux-gnu/14.3.0/../../../../aarch64-buildroot-linux-gnu/lib] ==> dir [/home/daniel/buildroot/buildroot-2025.08/output/host/opt/ext-toolchain/bin/../lib/gcc/aarch64-buildroot-linux-gnu/14.3.0/../../../../aarch64-buildroot-linux-gnu/lib]
    arg [-L/home/daniel/buildroot/buildroot-2025.08/output/host/aarch64-buildroot-linux-gnu/sysroot/lib] ==> dir [/home/daniel/buildroot/buildroot-2025.08/output/host/aarch64-buildroot-linux-gnu/sysroot/lib]
    arg [-L/home/daniel/buildroot/buildroot-2025.08/output/host/aarch64-buildroot-linux-gnu/sysroot/usr/lib] ==> dir [/home/daniel/buildroot/buildroot-2025.08/output/host/aarch64-buildroot-linux-gnu/sysroot/usr/lib]
    arg [-zmax-page-size=4096] ==> ignore
    arg [-zcommon-page-size=4096] ==> ignore
    arg [-znow] ==> ignore
    arg [-zrelro] ==> ignore
    arg [CMakeFiles/cmTC_aee69.dir/CMakeCXXCompilerABI.cpp.o] ==> ignore
    arg [-lstdc++] ==> lib [stdc++]
    arg [-lm] ==> lib [m]
    arg [-lgcc_s] ==> lib [gcc_s]
    arg [-lgcc] ==> lib [gcc]
    arg [-lc] ==> lib [c]
    arg [-lgcc_s] ==> lib [gcc_s]
    arg [-lgcc] ==> lib [gcc]
    arg [/home/daniel/buildroot/buildroot-2025.08/output/host/opt/ext-toolchain/bin/../lib/gcc/aarch64-buildroot-linux-gnu/14.3.0/crtendS.o] ==> obj [/home/daniel/buildroot/buildroot-2025.08/output/host/opt/ext-toolchain/bin/../lib/gcc/aarch64-buildroot-linux-gnu/14.3.0/crtendS.o]
    arg [/home/daniel/buildroot/buildroot-2025.08/output/host/aarch64-buildroot-linux-gnu/sysroot/usr/lib/../lib64/crtn.o] ==> obj [/home/daniel/buildroot/buildroot-2025.08/output/host/aarch64-buildroot-linux-gnu/sysroot/usr/lib/../lib64/crtn.o]
  collapse obj [/home/daniel/buildroot/buildroot-2025.08/output/host/aarch64-buildroot-linux-gnu/sysroot/usr/lib/../lib64/Scrt1.o] ==> [/home/daniel/buildroot/buildroot-2025.08/output/host/aarch64-buildroot-linux-gnu/sysroot/usr/lib64/Scrt1.o]
  collapse obj [/home/daniel/buildroot/buildroot-2025.08/output/host/aarch64-buildroot-linux-gnu/sysroot/usr/lib/../lib64/crti.o] ==> [/home/daniel/buildroot/buildroot-2025.08/output/host/aarch64-buildroot-linux-gnu/sysroot/usr/lib64/crti.o]
  collapse obj [/home/daniel/buildroot/buildroot-2025.08/output/host/opt/ext-toolchain/bin/../lib/gcc/aarch64-buildroot-linux-gnu/14.3.0/crtbeginS.o] ==> [/home/daniel/buildroot/buildroot-2025.08/output/host/opt/ext-toolchain/lib/gcc/aarch64-buildroot-linux-gnu/14.3.0/crtbeginS.o]
  collapse obj [/home/daniel/buildroot/buildroot-2025.08/output/host/opt/ext-toolchain/bin/../lib/gcc/aarch64-buildroot-linux-gnu/14.3.0/crtendS.o] ==> [/home/daniel/buildroot/buildroot-2025.08/output/host/opt/ext-toolchain/lib/gcc/aarch64-buildroot-linux-gnu/14.3.0/crtendS.o]
  collapse obj [/home/daniel/buildroot/buildroot-2025.08/output/host/aarch64-buildroot-linux-gnu/sysroot/usr/lib/../lib64/crtn.o] ==> [/home/daniel/buildroot/buildroot-2025.08/output/host/aarch64-buildroot-linux-gnu/sysroot/usr/lib64/crtn.o]
  collapse library dir [/home/daniel/buildroot/buildroot-2025.08/output/host/opt/ext-toolchain/bin/../lib/gcc/aarch64-buildroot-linux-gnu/14.3.0] ==> [/home/daniel/buildroot/buildroot-2025.08/output/host/opt/ext-toolchain/lib/gcc/aarch64-buildroot-linux-gnu/14.3.0]
  collapse library dir [/home/daniel/buildroot/buildroot-2025.08/output/host/opt/ext-toolchain/bin/../lib/gcc] ==> [/home/daniel/buildroot/buildroot-2025.08/output/host/opt/ext-toolchain/lib/gcc]
  collapse library dir [/home/daniel/buildroot/buildroot-2025.08/output/host/opt/ext-toolchain/bin/../lib/gcc/aarch64-buildroot-linux-gnu/14.3.0/../../../../aarch64-buildroot-linux-gnu/lib/../lib64] ==> [/home/daniel/buildroot/buildroot-2025.08/output/host/opt/ext-toolchain/aarch64-buildroot-linux-gnu/lib64]
  collapse library dir [/home/daniel/buildroot/buildroot-2025.08/output/host/aarch64-buildroot-linux-gnu/sysroot/lib/../lib64] ==> [/home/daniel/buildroot/buildroot-2025.08/output/host/aarch64-buildroot-linux-gnu/sysroot/lib64]
  collapse library dir [/home/daniel/buildroot/buildroot-2025.08/output/host/aarch64-buildroot-linux-gnu/sysroot/usr/lib/../lib64] ==> [/home/daniel/buildroot/buildroot-2025.08/output/host/aarch64-buildroot-linux-gnu/sysroot/usr/lib64]
  collapse library dir [/home/daniel/buildroot/buildroot-2025.08/output/host/opt/ext-toolchain/bin/../lib/gcc/aarch64-buildroot-linux-gnu/14.3.0/../../../../aarch64-buildroot-linux-gnu/lib] ==> [/home/daniel/buildroot/buildroot-2025.08/output/host/opt/ext-toolchain/aarch64-buildroot-linux-gnu/lib]
  collapse library dir [/home/daniel/buildroot/buildroot-2025.08/output/host/aarch64-buildroot-linux-gnu/sysroot/lib] ==> [/home/daniel/buildroot/buildroot-2025.08/output/host/aarch64-buildroot-linux-gnu/sysroot/lib]
  collapse library dir [/home/daniel/buildroot/buildroot-2025.08/output/host/aarch64-buildroot-linux-gnu/sysroot/usr/lib] ==> [/home/daniel/buildroot/buildroot-2025.08/output/host/aarch64-buildroot-linux-gnu/sysroot/usr/lib]
  implicit libs: [stdc++;m;gcc_s;gcc;c;gcc_s;gcc]
  implicit objs: [/home/daniel/buildroot/buildroot-2025.08/output/host/aarch64-buildroot-linux-gnu/sysroot/usr/lib64/Scrt1.o;/home/daniel/buildroot/buildroot-2025.08/output/host/aarch64-buildroot-linux-gnu/sysroot/usr/lib64/crti.o;/home/daniel/buildroot/buildroot-2025.08/output/host/opt/ext-toolchain/lib/gcc/aarch64-buildroot-linux-gnu/14.3.0/crtbeginS.o;/home/daniel/buildroot/buildroot-2025.08/output/host/opt/ext-toolchain/lib/gcc/aarch64-buildroot-linux-gnu/14.3.0/crtendS.o;/home/daniel/buildroot/buildroot-2025.08/output/host/aarch64-buildroot-linux-gnu/sysroot/usr/lib64/crtn.o]
  implicit dirs: [/home/daniel/buildroot/buildroot-2025.08/output/host/opt/ext-toolchain/lib/gcc/aarch64-buildroot-linux-gnu/14.3.0;/home/daniel/buildroot/buildroot-2025.08/output/host/opt/ext-toolchain/lib/gcc;/home/daniel/buildroot/buildroot-2025.08/output/host/opt/ext-toolchain/aarch64-buildroot-linux-gnu/lib64;/home/daniel/buildroot/buildroot-2025.08/output/host/aarch64-buildroot-linux-gnu/sysroot/lib64;/home/daniel/buildroot/buildroot-2025.08/output/host/aarch64-buildroot-linux-gnu/sysroot/usr/lib64;/home/daniel/buildroot/buildroot-2025.08/output/host/opt/ext-toolchain/aarch64-buildroot-linux-gnu/lib;/home/daniel/buildroot/buildroot-2025.08/output/host/aarch64-buildroot-linux-gnu/sysroot/lib;/home/daniel/buildroot/buildroot-2025.08/output/host/aarch64-buildroot-linux-gnu/sysroot/usr/lib]
  implicit fwks: []


Determining if the include file pthread.h exists passed with the following output:
Change Dir: /home/daniel/Desktop/ESRG/2025-2026/Project/Rasp/leafsense-project/build-arm64/CMakeFiles/CMakeTmp

Run Build Command(s):/usr/bin/gmake -f Makefile cmTC_74adc/fast && /usr/bin/gmake  -f CMakeFiles/cmTC_74adc.dir/build.make CMakeFiles/cmTC_74adc.dir/build
gmake[1]: Entering directory '/home/daniel/Desktop/ESRG/2025-2026/Project/Rasp/leafsense-project/build-arm64/CMakeFiles/CMakeTmp'
Building CXX object CMakeFiles/cmTC_74adc.dir/CheckIncludeFile.cxx.o
/home/daniel/buildroot/buildroot-2025.08/output/host/bin/aarch64-linux-g++ --sysroot=/home/daniel/buildroot/buildroot-2025.08/output/host/aarch64-buildroot-linux-gnu/sysroot   -march=armv8-a+crc -mtune=cortex-a72 -march=armv8-a+crc -mtune=cortex-a72  -o CMakeFiles/cmTC_74adc.dir/CheckIncludeFile.cxx.o -c /home/daniel/Desktop/ESRG/2025-2026/Project/Rasp/leafsense-project/build-arm64/CMakeFiles/CMakeTmp/CheckIncludeFile.cxx
Linking CXX executable cmTC_74adc
/usr/bin/cmake -E cmake_link_script CMakeFiles/cmTC_74adc.dir/link.txt --verbose=1
/home/daniel/buildroot/buildroot-2025.08/output/host/bin/aarch64-linux-g++ --sysroot=/home/daniel/buildroot/buildroot-2025.08/output/host/aarch64-buildroot-linux-gnu/sysroot  -march=armv8-a+crc -mtune=cortex-a72 -march=armv8-a+crc -mtune=cortex-a72  CMakeFiles/cmTC_74adc.dir/CheckIncludeFile.cxx.o -o cmTC_74adc 
gmake[1]: Leaving directory '/home/daniel/Desktop/ESRG/2025-2026/Project/Rasp/leafsense-project/build-arm64/CMakeFiles/CMakeTmp'



Performing C++ SOURCE FILE Test CMAKE_HAVE_LIBC_PTHREAD succeeded with the following output:
Change Dir: /home/daniel/Desktop/ESRG/2025-2026/Project/Rasp/leafsense-project/build-arm64/CMakeFiles/CMakeTmp

Run Build Command(s):/usr/bin/gmake -f Makefile cmTC_5e26a/fast && /usr/bin/gmake  -f CMakeFiles/cmTC_5e26a.dir/build.make CMakeFiles/cmTC_5e26a.dir/build
gmake[1]: Entering directory '/home/daniel/Desktop/ESRG/2025-2026/Project/Rasp/leafsense-project/build-arm64/CMakeFiles/CMakeTmp'
Building CXX object CMakeFiles/cmTC_5e26a.dir/src.cxx.o
/home/daniel/buildroot/buildroot-2025.08/output/host/bin/aarch64-linux-g++ --sysroot=/home/daniel/buildroot/buildroot-2025.08/output/host/aarch64-buildroot-linux-gnu/sysroot -DCMAKE_HAVE_LIBC_PTHREAD  -march=armv8-a+crc -mtune=cortex-a72 -march=armv8-a+crc -mtune=cortex-a72  -o CMakeFiles/cmTC_5e26a.dir/src.cxx.o -c /home/daniel/Desktop/ESRG/2025-2026/Project/Rasp/leafsense-project/build-arm64/CMakeFiles/CMakeTmp/src.cxx
Linking CXX executable cmTC_5e26a
/usr/bin/cmake -E cmake_link_script CMakeFiles/cmTC_5e26a.dir/link.txt --verbose=1
/home/daniel/buildroot/buildroot-2025.08/output/host/bin/aarch64-linux-g++ --sysroot=/home/daniel/buildroot/buildroot-2025.08/output/host/aarch64-buildroot-linux-gnu/sysroot  -march=armv8-a+crc -mtune=cortex-a72 -march=armv8-a+crc -mtune=cortex-a72  CMakeFiles/cmTC_5e26a.dir/src.cxx.o -o cmTC_5e26a 
gmake[1]: Leaving directory '/home/daniel/Desktop/ESRG/2025-2026/Project/Rasp/leafsense-project/build-arm64/CMakeFiles/CMakeTmp'


Source file was:
#include <pthread.h>

static void* test_func(void* data)
{
  return data;
}

int main(void)
{
  pthread_t thread;
  pthread_create(&thread, NULL, test_func, NULL);
  pthread_detach(thread);
  pthread_cancel(thread);
  pthread_join(thread, NULL);
  pthread_atfork(NULL, NULL, NULL);
  pthread_exit(NULL);

  return 0;
}

